# JRE version: OpenJDK Runtime Environment (10.0.1+10) (build 10.0.1+10-Ubuntu-3ubuntu1)
# Java VM: OpenJDK 64-Bit Server VM (10.0.1+10-Ubuntu-3ubuntu1, mixed mode, tiered, compressed oops, g1 gc, linux-amd64)
Heap:
 garbage-first heap   total 59392K, used 13201K [0x00000000d0c00000, 0x0000000100000000)
  region size 1024K, 5 young (5120K), 2 survivors (2048K)
 Metaspace       used 33924K, capacity 34563K, committed 35072K, reserved 1081344K
  class space    used 3431K, capacity 3758K, committed 3840K, reserved 1048576K
GC Heap History (10 events):
Event: 0,949 GC heap before
{Heap before GC invocations=1 (full 0):
 garbage-first heap   total 49152K, used 6504K [0x00000000d0c00000, 0x0000000100000000)
  region size 1024K, 5 young (5120K), 1 survivors (1024K)
 Metaspace       used 12265K, capacity 12618K, committed 12928K, reserved 1060864K
  class space    used 1201K, capacity 1352K, committed 1408K, reserved 1048576K
}
Event: 0,954 GC heap after
{Heap after GC invocations=2 (full 0):
 garbage-first heap   total 49152K, used 3466K [0x00000000d0c00000, 0x0000000100000000)
  region size 1024K, 1 young (1024K), 1 survivors (1024K)
 Metaspace       used 12265K, capacity 12618K, committed 12928K, reserved 1060864K
  class space    used 1201K, capacity 1352K, committed 1408K, reserved 1048576K
}
Event: 1,638 GC heap before
{Heap before GC invocations=2 (full 0):
 garbage-first heap   total 49152K, used 13706K [0x00000000d0c00000, 0x0000000100000000)
  region size 1024K, 10 young (10240K), 1 survivors (1024K)
 Metaspace       used 20581K, capacity 21065K, committed 21248K, reserved 1069056K
  class space    used 2194K, capacity 2466K, committed 2560K, reserved 1048576K
}
Event: 1,643 GC heap after
{Heap after GC invocations=3 (full 0):
 garbage-first heap   total 49152K, used 6811K [0x00000000d0c00000, 0x0000000100000000)
  region size 1024K, 2 young (2048K), 2 survivors (2048K)
 Metaspace       used 20581K, capacity 21065K, committed 21248K, reserved 1069056K
  class space    used 2194K, capacity 2466K, committed 2560K, reserved 1048576K
}
Event: 4,568 GC heap before
{Heap before GC invocations=4 (full 0):
 garbage-first heap   total 49152K, used 20123K [0x00000000d0c00000, 0x0000000100000000)
  region size 1024K, 15 young (15360K), 2 survivors (2048K)
 Metaspace       used 27043K, capacity 27612K, committed 28032K, reserved 1075200K
  class space    used 2825K, capacity 3136K, committed 3200K, reserved 1048576K
}
Event: 4,577 GC heap after
{Heap after GC invocations=5 (full 0):
 garbage-first heap   total 49152K, used 9053K [0x00000000d0c00000, 0x0000000100000000)
  region size 1024K, 2 young (2048K), 2 survivors (2048K)
 Metaspace       used 27043K, capacity 27612K, committed 28032K, reserved 1075200K
  class space    used 2825K, capacity 3136K, committed 3200K, reserved 1048576K
}
Event: 5,490 GC heap before
{Heap before GC invocations=5 (full 0):
 garbage-first heap   total 49152K, used 24413K [0x00000000d0c00000, 0x0000000100000000)
  region size 1024K, 17 young (17408K), 2 survivors (2048K)
 Metaspace       used 31991K, capacity 32604K, committed 33152K, reserved 1079296K
  class space    used 3281K, capacity 3597K, committed 3712K, reserved 1048576K
}
Event: 5,502 GC heap after
{Heap after GC invocations=6 (full 0):
 garbage-first heap   total 49152K, used 10139K [0x00000000d0c00000, 0x0000000100000000)
  region size 1024K, 1 young (1024K), 1 survivors (1024K)
 Metaspace       used 31991K, capacity 32604K, committed 33152K, reserved 1079296K
  class space    used 3281K, capacity 3597K, committed 3712K, reserved 1048576K
}
Event: 10,201 GC heap before
{Heap before GC invocations=6 (full 0):
 garbage-first heap   total 49152K, used 35739K [0x00000000d0c00000, 0x0000000100000000)
  region size 1024K, 17 young (17408K), 1 survivors (1024K)
 Metaspace       used 33549K, capacity 34211K, committed 34816K, reserved 1081344K
  class space    used 3402K, capacity 3726K, committed 3840K, reserved 1048576K
}
Event: 10,207 GC heap after
{Heap after GC invocations=7 (full 0):
 garbage-first heap   total 59392K, used 11153K [0x00000000d0c00000, 0x0000000100000000)
  region size 1024K, 2 young (2048K), 2 survivors (2048K)
 Metaspace       used 33549K, capacity 34211K, committed 34816K, reserved 1081344K
  class space    used 3402K, capacity 3726K, committed 3840K, reserved 1048576K
}

