# JRE version: OpenJDK Runtime Environment (10.0.1+10) (build 10.0.1+10-Ubuntu-3ubuntu1)
# Java VM: OpenJDK 64-Bit Server VM (10.0.1+10-Ubuntu-3ubuntu1, mixed mode, tiered, compressed oops, g1 gc, linux-amd64)
Heap:
 garbage-first heap   total 59392K, used 37716K [0x00000000d0c00000, 0x0000000100000000)
  region size 1024K, 20 young (20480K), 1 survivors (1024K)
 Metaspace       used 33920K, capacity 34556K, committed 35072K, reserved 1081344K
  class space    used 3429K, capacity 3757K, committed 3840K, reserved 1048576K
GC Heap History (10 events):
Event: 0,642 GC heap before
{Heap before GC invocations=0 (full 0):
 garbage-first heap   total 49152K, used 7168K [0x00000000d0c00000, 0x0000000100000000)
  region size 1024K, 7 young (7168K), 0 survivors (0K)
 Metaspace       used 8370K, capacity 8480K, committed 8576K, reserved 1056768K
  class space    used 735K, capacity 812K, committed 896K, reserved 1048576K
}
Event: 0,653 GC heap after
{Heap after GC invocations=1 (full 0):
 garbage-first heap   total 49152K, used 2503K [0x00000000d0c00000, 0x0000000100000000)
  region size 1024K, 1 young (1024K), 1 survivors (1024K)
 Metaspace       used 8370K, capacity 8480K, committed 8576K, reserved 1056768K
  class space    used 735K, capacity 812K, committed 896K, reserved 1048576K
}
Event: 0,975 GC heap before
{Heap before GC invocations=1 (full 0):
 garbage-first heap   total 49152K, used 5575K [0x00000000d0c00000, 0x0000000100000000)
  region size 1024K, 4 young (4096K), 1 survivors (1024K)
 Metaspace       used 11985K, capacity 12282K, committed 12544K, reserved 1060864K
  class space    used 1141K, capacity 1265K, committed 1280K, reserved 1048576K
}
Event: 0,979 GC heap after
{Heap after GC invocations=2 (full 0):
 garbage-first heap   total 49152K, used 3135K [0x00000000d0c00000, 0x0000000100000000)
  region size 1024K, 1 young (1024K), 1 survivors (1024K)
 Metaspace       used 11985K, capacity 12282K, committed 12544K, reserved 1060864K
  class space    used 1141K, capacity 1265K, committed 1280K, reserved 1048576K
}
Event: 1,865 GC heap before
{Heap before GC invocations=2 (full 0):
 garbage-first heap   total 49152K, used 14399K [0x00000000d0c00000, 0x0000000100000000)
  region size 1024K, 11 young (11264K), 1 survivors (1024K)
 Metaspace       used 20589K, capacity 21068K, committed 21296K, reserved 1069056K
  class space    used 2199K, capacity 2467K, committed 2560K, reserved 1048576K
}
Event: 1,871 GC heap after
{Heap after GC invocations=3 (full 0):
 garbage-first heap   total 49152K, used 6668K [0x00000000d0c00000, 0x0000000100000000)
  region size 1024K, 2 young (2048K), 2 survivors (2048K)
 Metaspace       used 20589K, capacity 21068K, committed 21296K, reserved 1069056K
  class space    used 2199K, capacity 2467K, committed 2560K, reserved 1048576K
}
Event: 5,114 GC heap before
{Heap before GC invocations=4 (full 0):
 garbage-first heap   total 49152K, used 21004K [0x00000000d0c00000, 0x0000000100000000)
  region size 1024K, 16 young (16384K), 2 survivors (2048K)
 Metaspace       used 27472K, capacity 28068K, committed 28544K, reserved 1075200K
  class space    used 2839K, capacity 3136K, committed 3200K, reserved 1048576K
}
Event: 5,148 GC heap after
{Heap after GC invocations=5 (full 0):
 garbage-first heap   total 49152K, used 9061K [0x00000000d0c00000, 0x0000000100000000)
  region size 1024K, 2 young (2048K), 2 survivors (2048K)
 Metaspace       used 27472K, capacity 28068K, committed 28544K, reserved 1075200K
  class space    used 2839K, capacity 3136K, committed 3200K, reserved 1048576K
}
Event: 6,033 GC heap before
{Heap before GC invocations=5 (full 0):
 garbage-first heap   total 49152K, used 24421K [0x00000000d0c00000, 0x0000000100000000)
  region size 1024K, 17 young (17408K), 2 survivors (2048K)
 Metaspace       used 32196K, capacity 32828K, committed 33152K, reserved 1079296K
  class space    used 3313K, capacity 3629K, committed 3712K, reserved 1048576K
}
Event: 6,044 GC heap after
{Heap after GC invocations=6 (full 0):
 garbage-first heap   total 59392K, used 10068K [0x00000000d0c00000, 0x0000000100000000)
  region size 1024K, 1 young (1024K), 1 survivors (1024K)
 Metaspace       used 32196K, capacity 32828K, committed 33152K, reserved 1079296K
  class space    used 3313K, capacity 3629K, committed 3712K, reserved 1048576K
}

